<?xml version="1.0" encoding="UTF-8"?>
<!-- Generated by org.testng.reporters.JUnitReportReporter -->
<testsuite hostname="Khan" failures="0" tests="1" name="Test_Model.Sign_Up" time="12.282" errors="0" timestamp="2022-08-14T11:07:44 EDT" skipped="0">
  <testcase classname="Test_Model.Sign_Up" name="SIGN_UP" time="12.282"/>
  <system-out/>
</testsuite> <!-- Test_Model.Sign_Up -->
